<?xml version="1.0" encoding="UTF-8"?>
<!-- Generated by org.testng.reporters.JUnitReportReporter -->
<testsuite hostname="DESKTOP-RSI0BE2" failures="0" tests="3" name="com.mybank.testcase.TC_MyAccountPage2DataDriven" time="19.493" errors="0" timestamp="2023-03-08T19:23:28 IST" skipped="1">
  <testcase classname="com.mybank.testcase.TC_MyAccountPage2DataDriven" name="verifyRegisteredUser" time="7.934"/>
  <system-out/>
  <testcase classname="com.mybank.testcase.TC_MyAccountPage2DataDriven" name="verifyRegisteredUser" time="11.559"/>
  <system-out/>
  <testcase classname="com.mybank.testcase.TC_MyAccountPage2DataDriven" name="verifyRegistrationAndLogin">
    <skipped/>
  </testcase> <!-- verifyRegistrationAndLogin -->
  <system-out/>
</testsuite> <!-- com.mybank.testcase.TC_MyAccountPage2DataDriven -->
