<?xml version="1.0" encoding="UTF-8"?>
<!-- Generated by org.testng.reporters.JUnitReportReporter -->
<testsuite hostname="DESKTOP-RSI0BE2" failures="0" tests="3" name="com.mybank.testcase.TC_MyAccountPage2DataDriven" time="10.314" errors="0" timestamp="2023-03-09T11:03:35 IST" skipped="1">
  <testcase classname="com.mybank.testcase.TC_MyAccountPage2DataDriven" name="verifyRegisteredUser" time="5.636"/>
  <system-out/>
  <testcase classname="com.mybank.testcase.TC_MyAccountPage2DataDriven" name="verifyRegisteredUser" time="4.678"/>
  <system-out/>
  <testcase classname="com.mybank.testcase.TC_MyAccountPage2DataDriven" name="verifyRegistrationAndLogin">
    <skipped/>
  </testcase> <!-- verifyRegistrationAndLogin -->
  <system-out/>
</testsuite> <!-- com.mybank.testcase.TC_MyAccountPage2DataDriven -->
